<?xml version="1.0" encoding="UTF-8"?>
<testsuite name="threesolid.TestWorker" tests="1" skipped="0" failures="0" errors="0" timestamp="2018-10-24T18:04:23" hostname="LAPTOP-7O35EFSA" time="0.021">
  <properties/>
  <testcase name="testWorkerWithNoName()" classname="threesolid.TestWorker" time="0.021"/>
  <system-out><![CDATA[]]></system-out>
  <system-err><![CDATA[]]></system-err>
</testsuite>
